<?xml version="1.0" encoding="UTF-8"?>
<!-- Generated by org.testng.reporters.JUnitReportReporter -->
<testsuite hostname="DESKTOP-HIR02G4" failures="0" tests="2" name="jsonpathegs.ValidateBody" time="2.434" errors="0" timestamp="2021-11-21T19:17:42 IST" skipped="0">
  <testcase classname="jsonpathegs.ValidateBody" name="getReqresData" time="1.891"/>
  <system-out/>
  <testcase classname="jsonpathegs.ValidateBody" name="jsonPathTest" time="0.543"/>
  <system-out/>
</testsuite> <!-- jsonpathegs.ValidateBody -->
