<?xml version="1.0" encoding="UTF-8"?>
<!-- Generated by org.testng.reporters.JUnitReportReporter -->
<testsuite hostname="DESKTOP-HIR02G4" failures="0" tests="1" name="reqres.TestWithConfigFactory" time="1.929" errors="0" timestamp="2021-12-27T17:54:10 IST" skipped="0">
  <testcase classname="reqres.TestWithConfigFactory" name="getSpecificUserDetailsByName" time="1.929"/>
  <system-out/>
</testsuite> <!-- reqres.TestWithConfigFactory -->
