<?xml version="1.0" encoding="UTF-8"?>
<!-- Generated by org.testng.reporters.JUnitReportReporter -->
<testsuite hostname="DESKTOP-HIR02G4" failures="0" tests="1" name="jsonpathegs.ValidateBody" time="2.442" errors="0" timestamp="2021-12-30T15:41:44 IST" skipped="0">
  <testcase classname="jsonpathegs.ValidateBody" name="jsonPathTest" time="2.442"/>
  <system-out/>
</testsuite> <!-- jsonpathegs.ValidateBody -->
