<?xml version="1.0" encoding="UTF-8"?>
<!-- Generated by org.testng.reporters.JUnitReportReporter -->
<testsuite hostname="DESKTOP-HIR02G4" failures="0" tests="1" name="unmarshall.SimpleArrayUnmarshall" time="3.364" errors="0" timestamp="2022-04-14T20:27:06 IST" skipped="0">
  <testcase classname="unmarshall.SimpleArrayUnmarshall" name="ModerateDynamicUsingObjectMapper" time="3.364"/>
  <system-out/>
</testsuite> <!-- unmarshall.SimpleArrayUnmarshall -->
