<?xml version="1.0" encoding="UTF-8"?>
<!-- Generated by org.testng.reporters.JUnitReportReporter -->
<testsuite hostname="DESKTOP-HIR02G4" failures="0" tests="1" name="jsonnode.FetchFromNestedJSONArrayUsingJSONNodePathAt" time="0.230" errors="0" timestamp="2022-04-15T12:19:56 IST" skipped="0">
  <testcase classname="jsonnode.FetchFromNestedJSONArrayUsingJSONNodePathAt" name="parseJsonObjectToReadValues" time="0.230"/>
  <system-out/>
</testsuite> <!-- jsonnode.FetchFromNestedJSONArrayUsingJSONNodePathAt -->
