<?xml version="1.0" encoding="UTF-8"?>
<!-- Generated by org.testng.reporters.JUnitReportReporter -->
<testsuite hostname="DESKTOP-HIR02G4" failures="0" tests="1" name="finaltests.UsingGlobalReqSpecAndGlobalConfigs" time="3.296" errors="0" timestamp="2021-12-28T20:33:51 IST" skipped="0">
  <testcase classname="finaltests.UsingGlobalReqSpecAndGlobalConfigs" name="setbothSpecsAndRun" time="3.296"/>
  <system-out/>
</testsuite> <!-- finaltests.UsingGlobalReqSpecAndGlobalConfigs -->
