<?xml version="1.0" encoding="UTF-8"?>
<!-- Generated by org.testng.reporters.JUnitReportReporter -->
<testsuite hostname="DESKTOP-HIR02G4" failures="0" tests="3" name="heroku.GenerateToken" time="7.336" errors="0" timestamp="2022-01-07T10:36:37 IST" skipped="0">
  <testcase classname="heroku.GenerateToken" name="basicAuth" time="4.894"/>
  <system-out/>
  <testcase classname="heroku.GenerateToken" name="generateToken" time="1.266"/>
  <system-out/>
  <testcase classname="heroku.GenerateToken" name="basicPreEmptiveAuth" time="1.176"/>
  <system-out/>
</testsuite> <!-- heroku.GenerateToken -->
