<?xml version="1.0" encoding="UTF-8"?>
<!-- Generated by org.testng.reporters.JUnitReportReporter -->
<testsuite hostname="DESKTOP-HIR02G4" failures="0" tests="2" name="selenium.SeleniumTest" time="31.993" errors="0" timestamp="2022-02-04T10:04:59 IST" skipped="0">
  <testcase classname="selenium.SeleniumTest" name="test" time="31.992"/>
  <system-out/>
  <testcase classname="selenium.SeleniumTest" name="test2" time="0.001"/>
  <system-out/>
</testsuite> <!-- selenium.SeleniumTest -->
