<?xml version="1.0" encoding="UTF-8"?>
<!-- Generated by org.testng.reporters.JUnitReportReporter -->
<testsuite hostname="DESKTOP-HIR02G4" failures="0" tests="1" name="reqres.AllAPIMethodsStatic" time="2.014" errors="0" timestamp="2021-11-17T12:30:36 IST" skipped="0">
  <testcase classname="reqres.AllAPIMethodsStatic" name="test_get" time="2.014"/>
  <system-out/>
</testsuite> <!-- reqres.AllAPIMethodsStatic -->
