<?xml version="1.0" encoding="UTF-8"?>
<!-- Generated by org.testng.reporters.JUnitReportReporter -->
<testsuite hostname="DESKTOP-HIR02G4" failures="0" tests="2" name="reqres.SimpleRestDBLearning" time="1.056" errors="0" timestamp="2021-11-11T18:06:54 IST" skipped="0">
  <testcase classname="reqres.SimpleRestDBLearning" name="printJSONObject" time="0.015"/>
  <system-out/>
  <testcase classname="reqres.SimpleRestDBLearning" name="getAllUsersData" time="1.041"/>
  <system-out/>
</testsuite> <!-- reqres.SimpleRestDBLearning -->
