<?xml version="1.0" encoding="UTF-8"?>
<!-- Generated by org.testng.reporters.JUnitReportReporter -->
<testsuite hostname="DESKTOP-HIR02G4" failures="0" tests="1" name="jsonschema.SimpleJSONSchemaValidation" time="1.204" errors="0" timestamp="2022-02-04T14:27:30 IST" skipped="0">
  <testcase classname="jsonschema.SimpleJSONSchemaValidation" name="createJsonAndValidateAgainstSchema" time="1.204"/>
  <system-out/>
</testsuite> <!-- jsonschema.SimpleJSONSchemaValidation -->
