<?xml version="1.0" encoding="UTF-8"?>
<!-- Generated by org.testng.reporters.JUnitReportReporter -->
<testsuite hostname="DESKTOP-HIR02G4" failures="0" tests="1" name="testngdatasharing.Test1RetrieveData" time="0.001" errors="0" timestamp="2022-01-08T10:35:47 IST" skipped="0">
  <testcase classname="testngdatasharing.Test1RetrieveData" name="retriveContext" time="0.001"/>
  <system-out/>
</testsuite> <!-- testngdatasharing.Test1RetrieveData -->
