<?xml version="1.0" encoding="UTF-8"?>
<!-- Generated by org.testng.reporters.JUnitReportReporter -->
<testsuite hostname="DESKTOP-HIR02G4" failures="0" tests="1" name="jsonpatheg.JPathFilterJSONArray" time="1.790" errors="0" timestamp="2022-01-03T16:59:53 IST" skipped="0">
  <testcase classname="jsonpatheg.JPathFilterJSONArray" name="testSimpleJSon" time="1.790"/>
  <system-out/>
</testsuite> <!-- jsonpatheg.JPathFilterJSONArray -->
