<?xml version="1.0" encoding="UTF-8"?>
<!-- Generated by org.testng.reporters.JUnitReportReporter -->
<testsuite hostname="DESKTOP-HIR02G4" failures="0" tests="1" name="reqres.GetTesting" time="2.945" errors="0" timestamp="2021-11-26T20:46:02 IST" skipped="0">
  <testcase classname="reqres.GetTesting" name="usingHamCrestValidations" time="2.945"/>
  <system-out/>
</testsuite> <!-- reqres.GetTesting -->
