<?xml version="1.0" encoding="UTF-8"?>
<!-- Generated by org.testng.reporters.JUnitReportReporter -->
<testsuite hostname="DESKTOP-HIR02G4" failures="0" tests="1" name="jsonschema.SimpleJSONSchemaValidation" time="0.691" errors="0" timestamp="2022-01-03T20:19:09 IST" skipped="0">
  <testcase classname="jsonschema.SimpleJSONSchemaValidation" name="createJsonAndValidateAgainstSchema" time="0.691"/>
  <system-out/>
</testsuite> <!-- jsonschema.SimpleJSONSchemaValidation -->
