<?xml version="1.0" encoding="UTF-8"?>
<!-- Generated by org.testng.reporters.JUnitReportReporter -->
<testsuite hostname="DESKTOP-HIR02G4" failures="0" tests="1" name="jsonnode.EditExistingJSONUsingJsonNodeJackson" time="0.226" errors="0" timestamp="2022-04-15T19:19:08 IST" skipped="0">
  <testcase classname="jsonnode.EditExistingJSONUsingJsonNodeJackson" name="readDataFromJsonFile" time="0.226"/>
  <system-out/>
</testsuite> <!-- jsonnode.EditExistingJSONUsingJsonNodeJackson -->
