<?xml version="1.0" encoding="UTF-8"?>
<!-- Generated by org.testng.reporters.JUnitReportReporter -->
<testsuite hostname="DESKTOP-HIR02G4" failures="0" tests="1" name="basicjava.FirstNonRepeatingChar" time="0.017" errors="0" timestamp="2022-01-10T20:51:09 IST" skipped="0">
  <testcase classname="basicjava.FirstNonRepeatingChar" name="test" time="0.017"/>
  <system-out/>
</testsuite> <!-- basicjava.FirstNonRepeatingChar -->
