<?xml version="1.0" encoding="UTF-8"?>
<!-- Generated by org.testng.reporters.JUnitReportReporter -->
<testsuite hostname="DESKTOP-HIR02G4" failures="0" tests="1" name="basicjava.CharCount" time="0.017" errors="0" timestamp="2022-01-28T14:46:08 IST" skipped="0">
  <testcase classname="basicjava.CharCount" name="test" time="0.017"/>
  <system-out/>
</testsuite> <!-- basicjava.CharCount -->
