<?xml version="1.0" encoding="UTF-8"?>
<!-- Generated by org.testng.reporters.JUnitReportReporter -->
<testsuite hostname="DESKTOP-HIR02G4" failures="0" tests="6" name="selenium.SeleniumTestMethodDataProviderParallel" time="111.935" errors="0" timestamp="2022-01-30T18:24:42 IST" skipped="0">
  <testcase classname="selenium.SeleniumTestMethodDataProviderParallel" name="test" time="19.170"/>
  <system-out/>
  <testcase classname="selenium.SeleniumTestMethodDataProviderParallel" name="test" time="15.057"/>
  <system-out/>
  <testcase classname="selenium.SeleniumTestMethodDataProviderParallel" name="test" time="18.100"/>
  <system-out/>
  <testcase classname="selenium.SeleniumTestMethodDataProviderParallel" name="test" time="23.849"/>
  <system-out/>
  <testcase classname="selenium.SeleniumTestMethodDataProviderParallel" name="test" time="16.587"/>
  <system-out/>
  <testcase classname="selenium.SeleniumTestMethodDataProviderParallel" name="test" time="19.172"/>
  <system-out/>
</testsuite> <!-- selenium.SeleniumTestMethodDataProviderParallel -->
