<?xml version="1.0" encoding="UTF-8"?>
<!-- Generated by org.testng.reporters.JUnitReportReporter -->
<testsuite hostname="DESKTOP-HIR02G4" failures="0" tests="1" name="testngdatasharing.Test2RetrieveData2" time="0.002" errors="0" timestamp="2022-01-08T10:35:47 IST" skipped="0">
  <testcase classname="testngdatasharing.Test2RetrieveData2" name="retriveContext2" time="0.002"/>
  <system-out/>
</testsuite> <!-- testngdatasharing.Test2RetrieveData2 -->
