<?xml version="1.0" encoding="UTF-8"?>
<!-- Generated by org.testng.reporters.JUnitReportReporter -->
<testsuite hostname="DESKTOP-HIR02G4" failures="0" tests="1" name="jsonnode.CreateJSONObjectusingJacksonAPI" time="0.259" errors="0" timestamp="2022-04-15T12:24:00 IST" skipped="0">
  <testcase classname="jsonnode.CreateJSONObjectusingJacksonAPI" name="CreatingNestedJsonObjectTest" time="0.259"/>
  <system-out/>
</testsuite> <!-- jsonnode.CreateJSONObjectusingJacksonAPI -->
