<?xml version="1.0" encoding="UTF-8"?>
<!-- Generated by org.testng.reporters.JUnitReportReporter -->
<testsuite hostname="DESKTOP-HIR02G4" failures="0" tests="3" name="heroku.GenerateToken" time="5.430" errors="0" timestamp="2021-12-22T19:37:21 IST" skipped="0">
  <testcase classname="heroku.GenerateToken" name="generateToken" time="1.145"/>
  <system-out/>
  <testcase classname="heroku.GenerateToken" name="basicAuth" time="2.983"/>
  <system-out/>
  <testcase classname="heroku.GenerateToken" name="basicPreEmptiveAuth" time="1.302"/>
  <system-out/>
</testsuite> <!-- heroku.GenerateToken -->
