<?xml version="1.0" encoding="UTF-8"?>
<!-- Generated by org.testng.reporters.JUnitReportReporter -->
<testsuite hostname="DESKTOP-HIR02G4" failures="0" tests="2" name="threadlocalpack.SimpleClassUsingThreadLocal" time="0.016" errors="0" timestamp="2022-01-07T14:53:00 IST" skipped="0">
  <testcase classname="threadlocalpack.SimpleClassUsingThreadLocal" name="testSet1" time="0.014"/>
  <system-out/>
  <testcase classname="threadlocalpack.SimpleClassUsingThreadLocal" name="getVal1" time="0.002"/>
  <system-out/>
</testsuite> <!-- threadlocalpack.SimpleClassUsingThreadLocal -->
