<?xml version="1.0" encoding="UTF-8"?>
<!-- Generated by org.testng.reporters.JUnitReportReporter -->
<testsuite hostname="DESKTOP-HIR02G4" failures="0" tests="1" name="jsonnode.FetchFromJSONArrayUsingJSONNodePath" time="0.346" errors="0" timestamp="2022-04-15T12:03:59 IST" skipped="0">
  <testcase classname="jsonnode.FetchFromJSONArrayUsingJSONNodePath" name="parseJsonArrayToReadValues" time="0.346"/>
  <system-out/>
</testsuite> <!-- jsonnode.FetchFromJSONArrayUsingJSONNodePath -->
