<?xml version="1.0" encoding="UTF-8"?>
<!-- Generated by org.testng.reporters.JUnitReportReporter -->
<testsuite hostname="DESKTOP-HIR02G4" failures="0" tests="2" name="threadlocalpack.TestClassTwo" time="0.015" errors="0" timestamp="2022-01-07T18:36:56 IST" skipped="0">
  <testcase classname="threadlocalpack.TestClassTwo" name="generateRecordId" time="0.014"/>
  <system-out/>
  <testcase classname="threadlocalpack.TestClassTwo" name="validateRecordDetails" time="0.001"/>
  <system-out/>
</testsuite> <!-- threadlocalpack.TestClassTwo -->
