<?xml version="1.0" encoding="UTF-8"?>
<!-- Generated by org.testng.reporters.JUnitReportReporter -->
<testsuite hostname="DESKTOP-HIR02G4" failures="0" tests="3" name="heroku.GenerateToken" time="6.242" errors="0" timestamp="2022-01-03T17:13:21 IST" skipped="0">
  <testcase classname="heroku.GenerateToken" name="basicPreEmptiveAuth" time="1.285"/>
  <system-out/>
  <testcase classname="heroku.GenerateToken" name="generateToken" time="1.141"/>
  <system-out/>
  <testcase classname="heroku.GenerateToken" name="basicAuth" time="3.816"/>
  <system-out/>
</testsuite> <!-- heroku.GenerateToken -->
