<?xml version="1.0" encoding="UTF-8"?>
<!-- Generated by org.testng.reporters.JUnitReportReporter -->
<testsuite hostname="DESKTOP-HIR02G4" failures="0" tests="1" name="reqres.TC01_GET" time="4.362" errors="0" timestamp="2021-10-28T13:29:13 IST" skipped="0">
  <testcase classname="reqres.TC01_GET" name="test_get" time="4.362"/>
  <system-out/>
</testsuite> <!-- reqres.TC01_GET -->
