<?xml version="1.0" encoding="UTF-8"?>
<!-- Generated by org.testng.reporters.JUnitReportReporter -->
<testsuite hostname="DESKTOP-HIR02G4" failures="0" tests="2" name="threadlocalpack.TestClassOne" time="0.031" errors="0" timestamp="2022-02-04T10:06:02 IST" skipped="0">
  <testcase classname="threadlocalpack.TestClassOne" name="generateRecordId" time="0.029"/>
  <system-out/>
  <testcase classname="threadlocalpack.TestClassOne" name="validateRecordDetails" time="0.002"/>
  <system-out/>
</testsuite> <!-- threadlocalpack.TestClassOne -->
