<?xml version="1.0" encoding="UTF-8"?>
<!-- Generated by org.testng.reporters.JUnitReportReporter -->
<testsuite hostname="DESKTOP-HIR02G4" failures="0" tests="2" name="threadlocalpack.TestClassTwo" time="0.030" errors="0" timestamp="2022-02-04T10:06:02 IST" skipped="0">
  <testcase classname="threadlocalpack.TestClassTwo" name="generateRecordId" time="0.029"/>
  <system-out/>
  <testcase classname="threadlocalpack.TestClassTwo" name="validateRecordDetails" time="0.001"/>
  <system-out/>
</testsuite> <!-- threadlocalpack.TestClassTwo -->
