<?xml version="1.0" encoding="UTF-8"?>
<!-- Generated by org.testng.reporters.JUnitReportReporter -->
<testsuite hostname="DESKTOP-HIR02G4" failures="0" tests="1" name="jsonpatheg.ValidateSimpleJSONObject" time="1.316" errors="0" timestamp="2022-01-03T15:51:29 IST" skipped="0">
  <testcase classname="jsonpatheg.ValidateSimpleJSONObject" name="testSimpleJSon" time="1.316"/>
  <system-out/>
</testsuite> <!-- jsonpatheg.ValidateSimpleJSONObject -->
