<?xml version="1.0" encoding="UTF-8"?>
<!-- Generated by org.testng.reporters.JUnitReportReporter -->
<testsuite hostname="DESKTOP-HIR02G4" failures="0" tests="1" name="jsonnode.WriteResponseInTextFile" time="3.642" errors="0" timestamp="2022-04-15T12:28:01 IST" skipped="0">
  <testcase classname="jsonnode.WriteResponseInTextFile" name="test" time="3.642"/>
  <system-out/>
</testsuite> <!-- jsonnode.WriteResponseInTextFile -->
