<?xml version="1.0" encoding="UTF-8"?>
<!-- Generated by org.testng.reporters.JUnitReportReporter -->
<testsuite hostname="DESKTOP-HIR02G4" failures="0" tests="1" name="testngdatasharing.Test1SharingData" time="0.042" errors="0" timestamp="2022-01-08T10:35:47 IST" skipped="0">
  <testcase classname="testngdatasharing.Test1SharingData" name="setContext" time="0.042"/>
  <system-out/>
</testsuite> <!-- testngdatasharing.Test1SharingData -->
