<?xml version="1.0" encoding="UTF-8"?>
<!-- Generated by org.testng.reporters.JUnitReportReporter -->
<testsuite hostname="DESKTOP-HIR02G4" failures="0" tests="1" name="excel.ReadExcelFile" time="0.032" errors="0" timestamp="2021-11-05T18:40:26 IST" skipped="0">
  <testcase classname="excel.ReadExcelFile" name="ReadExcelData" time="0.032"/>
  <system-out/>
</testsuite> <!-- excel.ReadExcelFile -->
