<?xml version="1.0" encoding="UTF-8"?>
<!-- Generated by org.testng.reporters.JUnitReportReporter -->
<testsuite hostname="DESKTOP-HIR02G4" failures="0" tests="1" name="selenium.TC002_UsingReportExtent" time="0.086" errors="0" timestamp="2022-01-19T15:26:50 IST" skipped="0">
  <testcase classname="selenium.TC002_UsingReportExtent" name="test" time="0.086"/>
  <system-out/>
</testsuite> <!-- selenium.TC002_UsingReportExtent -->
