<?xml version="1.0" encoding="UTF-8"?>
<!-- Generated by org.testng.reporters.JUnitReportReporter -->
<testsuite hostname="DESKTOP-HIR02G4" failures="0" tests="1" name="jsonpatheg.ValidateSimpleJSONArray" time="1.530" errors="0" timestamp="2022-01-02T18:18:21 IST" skipped="0">
  <testcase classname="jsonpatheg.ValidateSimpleJSONArray" name="testSimpleJSon" time="1.530"/>
  <system-out/>
</testsuite> <!-- jsonpatheg.ValidateSimpleJSONArray -->
