<?xml version="1.0" encoding="UTF-8"?>
<!-- Generated by org.testng.reporters.JUnitReportReporter -->
<testsuite hostname="DESKTOP-HIR02G4" failures="0" tests="1" name="SeleniumTest" time="0.008" errors="0" timestamp="2021-12-14T17:53:57 IST" skipped="0">
  <testcase classname="SeleniumTest" name="test2" time="0.008"/>
  <system-out/>
</testsuite> <!-- SeleniumTest -->
