<?xml version="1.0" encoding="UTF-8"?>
<!-- Generated by org.testng.reporters.JUnitReportReporter -->
<testsuite hostname="DESKTOP-HIR02G4" failures="0" tests="1" name="jsonpathegs.SimpleJSONPreparation" time="1.299" errors="0" timestamp="2021-12-30T16:52:55 IST" skipped="0">
  <testcase classname="jsonpathegs.SimpleJSONPreparation" name="simpleJSONPreparation" time="1.299"/>
  <system-out/>
</testsuite> <!-- jsonpathegs.SimpleJSONPreparation -->
