<?xml version="1.0" encoding="UTF-8"?>
<!-- Generated by org.testng.reporters.JUnitReportReporter -->
<testsuite hostname="DESKTOP-HIR02G4" failures="0" tests="1" name="reqres.ReadExcel" time="0.016" errors="0" timestamp="2021-11-05T18:47:09 IST" skipped="0">
  <testcase classname="reqres.ReadExcel" name="f" time="0.016"/>
  <system-out/>
</testsuite> <!-- reqres.ReadExcel -->
