<?xml version="1.0" encoding="UTF-8"?>
<!-- Generated by org.testng.reporters.JUnitReportReporter -->
<testsuite hostname="DESKTOP-HIR02G4" failures="0" tests="1" name="jsonpathegs.HamChrestMatchersBody" time="2.355" errors="0" timestamp="2021-11-24T19:56:18 IST" skipped="0">
  <testcase classname="jsonpathegs.HamChrestMatchersBody" name="usingHamCrestValidations" time="2.355"/>
  <system-out/>
</testsuite> <!-- jsonpathegs.HamChrestMatchersBody -->
