<?xml version="1.0" encoding="UTF-8"?>
<!-- Generated by org.testng.reporters.JUnitReportReporter -->
<testsuite hostname="DESKTOP-HIR02G4" failures="0" tests="1" name="jsonnode.FetchUsingJsonNode" time="0.362" errors="0" timestamp="2022-04-15T11:55:57 IST" skipped="0">
  <testcase classname="jsonnode.FetchUsingJsonNode" name="parseJsonObjectToReadValues" time="0.362"/>
  <system-out/>
</testsuite> <!-- jsonnode.FetchUsingJsonNode -->
