<?xml version="1.0" encoding="UTF-8"?>
<!-- Generated by org.testng.reporters.JUnitReportReporter -->
<testsuite hostname="DESKTOP-HIR02G4" failures="0" tests="1" name="basicjava.SetEg" time="0.020" errors="0" timestamp="2022-01-28T13:52:34 IST" skipped="0">
  <testcase classname="basicjava.SetEg" name="mapTest" time="0.020"/>
  <system-out/>
</testsuite> <!-- basicjava.SetEg -->
