<?xml version="1.0" encoding="UTF-8"?>
<!-- Generated by org.testng.reporters.JUnitReportReporter -->
<testsuite hostname="DESKTOP-HIR02G4" failures="0" tests="2" name="basicjava.RegExpNumbers" time="0.023" errors="0" timestamp="2022-01-28T18:19:47 IST" skipped="0">
  <testcase classname="basicjava.RegExpNumbers" name="getOnlyNumbers" time="0.000"/>
  <system-out/>
  <testcase classname="basicjava.RegExpNumbers" name="binaryOfNumber" time="0.023"/>
  <system-out/>
</testsuite> <!-- basicjava.RegExpNumbers -->
