<?xml version="1.0" encoding="UTF-8"?>
<!-- Generated by org.testng.reporters.JUnitReportReporter -->
<testsuite hostname="DESKTOP-HIR02G4" failures="0" tests="1" name="unmarshall.UnmarshallNestedJSONObject" time="4.062" errors="0" timestamp="2022-01-05T14:58:26 IST" skipped="0">
  <testcase classname="unmarshall.UnmarshallNestedJSONObject" name="nestedJSONObjectUnmarshallUsingTypeRef" time="4.062"/>
  <system-out/>
</testsuite> <!-- unmarshall.UnmarshallNestedJSONObject -->
