<?xml version="1.0" encoding="UTF-8"?>
<!-- Generated by org.testng.reporters.JUnitReportReporter -->
<testsuite hostname="DESKTOP-HIR02G4" failures="0" tests="1" name="jsonpatheg.JPathModerateJSONDataFilters" time="1.429" errors="0" timestamp="2022-01-02T20:46:20 IST" skipped="0">
  <testcase classname="jsonpatheg.JPathModerateJSONDataFilters" name="testSimpleJSon" time="1.429"/>
  <system-out/>
</testsuite> <!-- jsonpatheg.JPathModerateJSONDataFilters -->
