<?xml version="1.0" encoding="UTF-8"?>
<!-- Generated by org.testng.reporters.JUnitReportReporter -->
<testsuite hostname="DESKTOP-HIR02G4" failures="0" tests="1" name="pojo.jsoncreation.simplejsonobj.CreateSimpleJSONObject" time="0.415" errors="0" timestamp="2022-02-07T15:03:00 IST" skipped="0">
  <testcase classname="pojo.jsoncreation.simplejsonobj.CreateSimpleJSONObject" name="testReadJSONFile" time="0.415"/>
  <system-out/>
</testsuite> <!-- pojo.jsoncreation.simplejsonobj.CreateSimpleJSONObject -->
