<?xml version="1.0" encoding="UTF-8"?>
<!-- Generated by org.testng.reporters.JUnitReportReporter -->
<testsuite hostname="DESKTOP-HIR02G4" failures="0" tests="1" name="jsonpatheg.ValidateSimpleJSONObject" time="1.593" errors="0" timestamp="2022-01-02T14:07:49 IST" skipped="0">
  <testcase classname="jsonpatheg.ValidateSimpleJSONObject" name="testSimpleJSon" time="1.593"/>
  <system-out/>
</testsuite> <!-- jsonpatheg.ValidateSimpleJSONObject -->
