<?xml version="1.0" encoding="UTF-8"?>
<!-- Generated by org.testng.reporters.JUnitReportReporter -->
<testsuite hostname="DESKTOP-HIR02G4" failures="0" tests="1" name="reqres.GetTesting" time="4.077" errors="0" timestamp="2021-12-24T11:25:56 IST" skipped="0">
  <testcase classname="reqres.GetTesting" name="usingHamCrestValidations" time="4.077"/>
  <system-out/>
</testsuite> <!-- reqres.GetTesting -->
