<?xml version="1.0" encoding="UTF-8"?>
<!-- Generated by org.testng.reporters.JUnitReportReporter -->
<testsuite hostname="DESKTOP-HIR02G4" failures="0" tests="3" name="unmarshall.SimpleObjectUnmarshall" time="5.636" errors="0" timestamp="2022-01-05T11:54:10 IST" skipped="0">
  <testcase classname="unmarshall.SimpleObjectUnmarshall" name="simpleObjectMapToJavaClass" time="0.603"/>
  <system-out/>
  <testcase classname="unmarshall.SimpleObjectUnmarshall" name="simpleObject" time="4.421"/>
  <system-out/>
  <testcase classname="unmarshall.SimpleObjectUnmarshall" name="simpleObjectMapToJavaObjectUsingTypeRef" time="0.612"/>
  <system-out/>
</testsuite> <!-- unmarshall.SimpleObjectUnmarshall -->
