<?xml version="1.0" encoding="UTF-8"?>
<!-- Generated by org.testng.reporters.JUnitReportReporter -->
<testsuite hostname="DESKTOP-HIR02G4" failures="0" tests="1" name="testng.datasharing.Test1RetrieveData" time="0.006" errors="0" timestamp="2022-01-07T19:46:45 IST" skipped="0">
  <testcase classname="testng.datasharing.Test1RetrieveData" name="test1" time="0.006"/>
  <system-out/>
</testsuite> <!-- testng.datasharing.Test1RetrieveData -->
