<?xml version="1.0" encoding="UTF-8"?>
<!-- Generated by org.testng.reporters.JUnitReportReporter -->
<testsuite hostname="DESKTOP-HIR02G4" failures="0" tests="2" name="heroku.GenerateToken" time="4.886" errors="0" timestamp="2022-01-08T11:00:46 IST" skipped="0">
  <testcase classname="heroku.GenerateToken" name="basicAuth" time="3.616"/>
  <system-out/>
  <testcase classname="heroku.GenerateToken" name="generateToken" time="1.270"/>
  <system-out/>
</testsuite> <!-- heroku.GenerateToken -->
