<?xml version="1.0" encoding="UTF-8"?>
<!-- Generated by org.testng.reporters.JUnitReportReporter -->
<testsuite hostname="DESKTOP-HIR02G4" failures="0" tests="1" name="reqres.SetGlobalConfigAtReqSpecEg" time="3.129" errors="0" timestamp="2021-12-28T17:12:45 IST" skipped="0">
  <testcase classname="reqres.SetGlobalConfigAtReqSpecEg" name="setConfigGlobalEg" time="3.129"/>
  <system-out/>
</testsuite> <!-- reqres.SetGlobalConfigAtReqSpecEg -->
