<?xml version="1.0" encoding="UTF-8"?>
<!-- Generated by org.testng.reporters.JUnitReportReporter -->
<testsuite hostname="DESKTOP-HIR02G4" failures="0" tests="1" name="selenium.TC003_BrokenLinksTest" time="16.697" errors="0" timestamp="2022-01-26T20:03:18 IST" skipped="0">
  <testcase classname="selenium.TC003_BrokenLinksTest" name="test" time="16.697"/>
  <system-out/>
</testsuite> <!-- selenium.TC003_BrokenLinksTest -->
