<?xml version="1.0" encoding="UTF-8"?>
<!-- Generated by org.testng.reporters.JUnitReportReporter -->
<testsuite hostname="DESKTOP-HIR02G4" failures="0" tests="1" name="Upload" time="3.696" errors="0" timestamp="2022-03-19T11:07:22 IST" skipped="0">
  <testcase classname="Upload" name="uploadFile" time="3.696"/>
  <system-out/>
</testsuite> <!-- Upload -->
