<?xml version="1.0" encoding="UTF-8"?>
<!-- Generated by org.testng.reporters.JUnitReportReporter -->
<testsuite hostname="DESKTOP-HIR02G4" failures="0" tests="1" name="basicjava.CharCount" time="0.014" errors="0" timestamp="2022-01-11T15:27:58 IST" skipped="0">
  <testcase classname="basicjava.CharCount" name="testArrayCompare" time="0.014"/>
  <system-out/>
</testsuite> <!-- basicjava.CharCount -->
