<?xml version="1.0" encoding="UTF-8"?>
<!-- Generated by org.testng.reporters.JUnitReportReporter -->
<testsuite hostname="DESKTOP-HIR02G4" failures="0" tests="1" name="basicjava.TestNGOrderOfAnnotationsTest" time="0.000" errors="0" timestamp="2022-01-10T20:15:56 IST" skipped="0">
  <testcase classname="basicjava.TestNGOrderOfAnnotationsTest" name="f1" time="0.000"/>
  <system-out/>
</testsuite> <!-- basicjava.TestNGOrderOfAnnotationsTest -->
