<?xml version="1.0" encoding="UTF-8"?>
<!-- Generated by org.testng.reporters.JUnitReportReporter -->
<testsuite hostname="DESKTOP-HIR02G4" failures="0" tests="1" name="unmarshall.UnmarshallNestedJSONObject" time="4.304" errors="0" timestamp="2022-03-19T12:12:44 IST" skipped="0">
  <testcase classname="unmarshall.UnmarshallNestedJSONObject" name="nestedJSONObjectUnmarshallUsingTypeRef" time="4.304"/>
  <system-out/>
</testsuite> <!-- unmarshall.UnmarshallNestedJSONObject -->
