<?xml version="1.0" encoding="UTF-8"?>
<!-- Generated by org.testng.reporters.JUnitReportReporter -->
<testsuite hostname="DESKTOP-HIR02G4" failures="0" tests="1" name="jsonnode.EditExistingJSONUsingJsonNodeJackson" time="0.237" errors="0" timestamp="2022-04-15T20:12:10 IST" skipped="0">
  <testcase classname="jsonnode.EditExistingJSONUsingJsonNodeJackson" name="updateJSONFromFileModerate" time="0.237"/>
  <system-out/>
</testsuite> <!-- jsonnode.EditExistingJSONUsingJsonNodeJackson -->
