<?xml version="1.0" encoding="UTF-8"?>
<!-- Generated by org.testng.reporters.JUnitReportReporter -->
<testsuite hostname="DESKTOP-HIR02G4" failures="0" tests="1" name="selenium.TC001_UsingReportExtent" time="0.198" errors="0" timestamp="2022-02-04T10:06:41 IST" skipped="0">
  <testcase classname="selenium.TC001_UsingReportExtent" name="test" time="0.198"/>
  <system-out/>
</testsuite> <!-- selenium.TC001_UsingReportExtent -->
