<?xml version="1.0" encoding="UTF-8"?>
<!-- Generated by org.testng.reporters.JUnitReportReporter -->
<testsuite hostname="DESKTOP-HIR02G4" failures="0" tests="1" name="basicjava.SetEg" time="0.018" errors="0" timestamp="2022-01-10T18:52:52 IST" skipped="0">
  <testcase classname="basicjava.SetEg" name="test" time="0.018"/>
  <system-out/>
</testsuite> <!-- basicjava.SetEg -->
