<?xml version="1.0" encoding="UTF-8"?>
<!-- Generated by org.testng.reporters.JUnitReportReporter -->
<testsuite hostname="DESKTOP-HIR02G4" failures="0" tests="1" name="basicjava.TestNGOrderOfAnnotationsTest" time="0.010" errors="0" timestamp="2022-01-12T12:12:55 IST" skipped="0">
  <testcase classname="basicjava.TestNGOrderOfAnnotationsTest" name="f1" time="0.010"/>
  <system-out/>
</testsuite> <!-- basicjava.TestNGOrderOfAnnotationsTest -->
