<?xml version="1.0" encoding="UTF-8"?>
<!-- Generated by org.testng.reporters.JUnitReportReporter -->
<testsuite hostname="DESKTOP-HIR02G4" failures="0" tests="1" name="testngdatasharing.Test2RetrieveData2" time="0.008" errors="0" timestamp="2022-01-12T12:12:55 IST" skipped="0">
  <testcase classname="testngdatasharing.Test2RetrieveData2" name="retriveContext2" time="0.008"/>
  <system-out/>
</testsuite> <!-- testngdatasharing.Test2RetrieveData2 -->
