<?xml version="1.0" encoding="UTF-8"?>
<!-- Generated by org.testng.reporters.JUnitReportReporter -->
<testsuite hostname="DESKTOP-HIR02G4" failures="0" tests="1" name="SeleniumTest" time="21.260" errors="0" timestamp="2021-12-08T20:32:33 IST" skipped="0">
  <testcase classname="SeleniumTest" name="test" time="21.260"/>
  <system-out/>
</testsuite> <!-- SeleniumTest -->
