<?xml version="1.0" encoding="UTF-8"?>
<!-- Generated by org.testng.reporters.JUnitReportReporter -->
<testsuite hostname="DESKTOP-HIR02G4" failures="0" tests="2" name="SeleniumTest" time="12.831" errors="0" timestamp="2021-12-20T11:41:48 IST" skipped="0">
  <testcase classname="SeleniumTest" name="test2" time="0.000"/>
  <system-out/>
  <testcase classname="SeleniumTest" name="test" time="12.831"/>
  <system-out/>
</testsuite> <!-- SeleniumTest -->
