<?xml version="1.0" encoding="UTF-8"?>
<!-- Generated by org.testng.reporters.JUnitReportReporter -->
<testsuite hostname="DESKTOP-HIR02G4" failures="0" tests="2" name="selenium.SeleniumTest" time="10.233" errors="0" timestamp="2022-01-17T19:38:22 IST" skipped="0">
  <testcase classname="selenium.SeleniumTest" name="test" time="10.232"/>
  <system-out/>
  <testcase classname="selenium.SeleniumTest" name="test2" time="0.001"/>
  <system-out/>
</testsuite> <!-- selenium.SeleniumTest -->
