<?xml version="1.0" encoding="UTF-8"?>
<!-- Generated by org.testng.reporters.JUnitReportReporter -->
<testsuite hostname="DESKTOP-HIR02G4" failures="0" tests="2" name="threadlocalpack.TestClassOne" time="0.021" errors="0" timestamp="2022-01-12T12:12:55 IST" skipped="0">
  <testcase classname="threadlocalpack.TestClassOne" name="generateRecordId" time="0.021"/>
  <system-out/>
  <testcase classname="threadlocalpack.TestClassOne" name="validateRecordDetails" time="0.000"/>
  <system-out/>
</testsuite> <!-- threadlocalpack.TestClassOne -->
