<?xml version="1.0" encoding="UTF-8"?>
<!-- Generated by org.testng.reporters.JUnitReportReporter -->
<testsuite hostname="DESKTOP-HIR02G4" failures="0" tests="1" name="reqres.TestWithConfigFactory" time="2.220" errors="0" timestamp="2022-01-12T12:12:55 IST" skipped="0">
  <testcase classname="reqres.TestWithConfigFactory" name="getSpecificUserDetailsByName" time="2.220"/>
  <system-out/>
</testsuite> <!-- reqres.TestWithConfigFactory -->
