<?xml version="1.0" encoding="UTF-8"?>
<!-- Generated by org.testng.reporters.JUnitReportReporter -->
<testsuite hostname="DESKTOP-HIR02G4" failures="0" tests="2" name="selenium.SeleniumTest" time="15.048" errors="0" timestamp="2022-01-12T18:14:41 IST" skipped="0">
  <testcase classname="selenium.SeleniumTest" name="test2" time="0.000"/>
  <system-out/>
  <testcase classname="selenium.SeleniumTest" name="test" time="15.048"/>
  <system-out/>
</testsuite> <!-- selenium.SeleniumTest -->
